<?xml version="1.0" encoding="UTF-8"?>
<testsuite xmlns:xsi="http://www.w3.org/2001/XMLSchema-instance" xsi:noNamespaceSchemaLocation="https://maven.apache.org/surefire/maven-surefire-plugin/xsd/surefire-test-report-3.0.xsd" version="3.0" name="com.jhoncontreras.usermanagement.rest.UserManagementRestControllerTests" time="8.628" tests="8" errors="0" skipped="0" failures="0">
  <properties>
    <property name="java.specification.version" value="17"/>
    <property name="sun.cpu.isalist" value="amd64"/>
    <property name="sun.jnu.encoding" value="UTF-8"/>
    <property name="java.class.path" value="D:\Proyectos\usermanagement\target\test-classes;D:\Proyectos\usermanagement\target\classes;C:\Users\usuario\.m2\repository\com\h2database\h2\2.1.214\h2-2.1.214.jar;C:\Users\usuario\.m2\repository\org\springframework\boot\spring-boot-starter-jdbc\3.1.5\spring-boot-starter-jdbc-3.1.5.jar;C:\Users\usuario\.m2\repository\org\springframework\boot\spring-boot-starter\3.1.5\spring-boot-starter-3.1.5.jar;C:\Users\usuario\.m2\repository\org\springframework\boot\spring-boot-starter-logging\3.1.5\spring-boot-starter-logging-3.1.5.jar;C:\Users\usuario\.m2\repository\ch\qos\logback\logback-classic\1.4.11\logback-classic-1.4.11.jar;C:\Users\usuario\.m2\repository\ch\qos\logback\logback-core\1.4.11\logback-core-1.4.11.jar;C:\Users\usuario\.m2\repository\org\apache\logging\log4j\log4j-to-slf4j\2.20.0\log4j-to-slf4j-2.20.0.jar;C:\Users\usuario\.m2\repository\org\apache\logging\log4j\log4j-api\2.20.0\log4j-api-2.20.0.jar;C:\Users\usuario\.m2\repository\org\slf4j\jul-to-slf4j\2.0.9\jul-to-slf4j-2.0.9.jar;C:\Users\usuario\.m2\repository\jakarta\annotation\jakarta.annotation-api\2.1.1\jakarta.annotation-api-2.1.1.jar;C:\Users\usuario\.m2\repository\org\yaml\snakeyaml\1.33\snakeyaml-1.33.jar;C:\Users\usuario\.m2\repository\com\zaxxer\HikariCP\5.0.1\HikariCP-5.0.1.jar;C:\Users\usuario\.m2\repository\org\slf4j\slf4j-api\2.0.9\slf4j-api-2.0.9.jar;C:\Users\usuario\.m2\repository\org\springframework\spring-jdbc\6.0.13\spring-jdbc-6.0.13.jar;C:\Users\usuario\.m2\repository\org\springframework\spring-beans\6.0.13\spring-beans-6.0.13.jar;C:\Users\usuario\.m2\repository\org\springframework\spring-tx\6.0.13\spring-tx-6.0.13.jar;C:\Users\usuario\.m2\repository\org\springframework\boot\spring-boot-starter-data-jpa\3.1.5\spring-boot-starter-data-jpa-3.1.5.jar;C:\Users\usuario\.m2\repository\org\springframework\boot\spring-boot-starter-aop\3.1.5\spring-boot-starter-aop-3.1.5.jar;C:\Users\usuario\.m2\repository\org\springframework\spring-aop\6.0.13\spring-aop-6.0.13.jar;C:\Users\usuario\.m2\repository\org\aspectj\aspectjweaver\1.9.20\aspectjweaver-1.9.20.jar;C:\Users\usuario\.m2\repository\org\hibernate\orm\hibernate-core\6.2.13.Final\hibernate-core-6.2.13.Final.jar;C:\Users\usuario\.m2\repository\jakarta\persistence\jakarta.persistence-api\3.1.0\jakarta.persistence-api-3.1.0.jar;C:\Users\usuario\.m2\repository\org\jboss\logging\jboss-logging\3.5.3.Final\jboss-logging-3.5.3.Final.jar;C:\Users\usuario\.m2\repository\org\hibernate\common\hibernate-commons-annotations\6.0.6.Final\hibernate-commons-annotations-6.0.6.Final.jar;C:\Users\usuario\.m2\repository\io\smallrye\jandex\3.0.5\jandex-3.0.5.jar;C:\Users\usuario\.m2\repository\com\fasterxml\classmate\1.5.1\classmate-1.5.1.jar;C:\Users\usuario\.m2\repository\net\bytebuddy\byte-buddy\1.14.9\byte-buddy-1.14.9.jar;C:\Users\usuario\.m2\repository\org\glassfish\jaxb\jaxb-runtime\4.0.3\jaxb-runtime-4.0.3.jar;C:\Users\usuario\.m2\repository\org\glassfish\jaxb\jaxb-core\4.0.3\jaxb-core-4.0.3.jar;C:\Users\usuario\.m2\repository\org\eclipse\angus\angus-activation\2.0.1\angus-activation-2.0.1.jar;C:\Users\usuario\.m2\repository\org\glassfish\jaxb\txw2\4.0.3\txw2-4.0.3.jar;C:\Users\usuario\.m2\repository\com\sun\istack\istack-commons-runtime\4.1.2\istack-commons-runtime-4.1.2.jar;C:\Users\usuario\.m2\repository\jakarta\inject\jakarta.inject-api\2.0.1\jakarta.inject-api-2.0.1.jar;C:\Users\usuario\.m2\repository\org\antlr\antlr4-runtime\4.10.1\antlr4-runtime-4.10.1.jar;C:\Users\usuario\.m2\repository\org\springframework\data\spring-data-jpa\3.1.5\spring-data-jpa-3.1.5.jar;C:\Users\usuario\.m2\repository\org\springframework\data\spring-data-commons\3.1.5\spring-data-commons-3.1.5.jar;C:\Users\usuario\.m2\repository\org\springframework\spring-orm\6.0.13\spring-orm-6.0.13.jar;C:\Users\usuario\.m2\repository\org\springframework\spring-context\6.0.13\spring-context-6.0.13.jar;C:\Users\usuario\.m2\repository\org\springframework\spring-aspects\6.0.13\spring-aspects-6.0.13.jar;C:\Users\usuario\.m2\repository\org\springframework\boot\spring-boot-starter-test\3.1.5\spring-boot-starter-test-3.1.5.jar;C:\Users\usuario\.m2\repository\org\springframework\boot\spring-boot-test\3.1.5\spring-boot-test-3.1.5.jar;C:\Users\usuario\.m2\repository\org\springframework\boot\spring-boot-test-autoconfigure\3.1.5\spring-boot-test-autoconfigure-3.1.5.jar;C:\Users\usuario\.m2\repository\com\jayway\jsonpath\json-path\2.8.0\json-path-2.8.0.jar;C:\Users\usuario\.m2\repository\jakarta\xml\bind\jakarta.xml.bind-api\4.0.1\jakarta.xml.bind-api-4.0.1.jar;C:\Users\usuario\.m2\repository\jakarta\activation\jakarta.activation-api\2.1.2\jakarta.activation-api-2.1.2.jar;C:\Users\usuario\.m2\repository\net\minidev\json-smart\2.4.11\json-smart-2.4.11.jar;C:\Users\usuario\.m2\repository\net\minidev\accessors-smart\2.4.11\accessors-smart-2.4.11.jar;C:\Users\usuario\.m2\repository\org\ow2\asm\asm\9.3\asm-9.3.jar;C:\Users\usuario\.m2\repository\org\assertj\assertj-core\3.24.2\assertj-core-3.24.2.jar;C:\Users\usuario\.m2\repository\org\hamcrest\hamcrest\2.2\hamcrest-2.2.jar;C:\Users\usuario\.m2\repository\org\junit\jupiter\junit-jupiter\5.9.3\junit-jupiter-5.9.3.jar;C:\Users\usuario\.m2\repository\org\junit\jupiter\junit-jupiter-api\5.9.3\junit-jupiter-api-5.9.3.jar;C:\Users\usuario\.m2\repository\org\opentest4j\opentest4j\1.2.0\opentest4j-1.2.0.jar;C:\Users\usuario\.m2\repository\org\junit\platform\junit-platform-commons\1.9.3\junit-platform-commons-1.9.3.jar;C:\Users\usuario\.m2\repository\org\apiguardian\apiguardian-api\1.1.2\apiguardian-api-1.1.2.jar;C:\Users\usuario\.m2\repository\org\junit\jupiter\junit-jupiter-params\5.9.3\junit-jupiter-params-5.9.3.jar;C:\Users\usuario\.m2\repository\org\junit\jupiter\junit-jupiter-engine\5.9.3\junit-jupiter-engine-5.9.3.jar;C:\Users\usuario\.m2\repository\org\junit\platform\junit-platform-engine\1.9.3\junit-platform-engine-1.9.3.jar;C:\Users\usuario\.m2\repository\org\mockito\mockito-core\5.3.1\mockito-core-5.3.1.jar;C:\Users\usuario\.m2\repository\net\bytebuddy\byte-buddy-agent\1.14.9\byte-buddy-agent-1.14.9.jar;C:\Users\usuario\.m2\repository\org\objenesis\objenesis\3.3\objenesis-3.3.jar;C:\Users\usuario\.m2\repository\org\mockito\mockito-junit-jupiter\5.3.1\mockito-junit-jupiter-5.3.1.jar;C:\Users\usuario\.m2\repository\org\skyscreamer\jsonassert\1.5.1\jsonassert-1.5.1.jar;C:\Users\usuario\.m2\repository\com\vaadin\external\google\android-json\0.0.20131108.vaadin1\android-json-0.0.20131108.vaadin1.jar;C:\Users\usuario\.m2\repository\org\springframework\spring-core\6.0.13\spring-core-6.0.13.jar;C:\Users\usuario\.m2\repository\org\springframework\spring-jcl\6.0.13\spring-jcl-6.0.13.jar;C:\Users\usuario\.m2\repository\org\springframework\spring-test\6.0.13\spring-test-6.0.13.jar;C:\Users\usuario\.m2\repository\org\xmlunit\xmlunit-core\2.9.1\xmlunit-core-2.9.1.jar;C:\Users\usuario\.m2\repository\junit\junit\4.13.2\junit-4.13.2.jar;C:\Users\usuario\.m2\repository\org\hamcrest\hamcrest-core\2.2\hamcrest-core-2.2.jar;C:\Users\usuario\.m2\repository\org\hamcrest\hamcrest-library\2.2\hamcrest-library-2.2.jar;C:\Users\usuario\.m2\repository\org\springframework\boot\spring-boot-starter-web\3.1.5\spring-boot-starter-web-3.1.5.jar;C:\Users\usuario\.m2\repository\org\springframework\boot\spring-boot-starter-json\3.1.5\spring-boot-starter-json-3.1.5.jar;C:\Users\usuario\.m2\repository\com\fasterxml\jackson\datatype\jackson-datatype-jdk8\2.15.3\jackson-datatype-jdk8-2.15.3.jar;C:\Users\usuario\.m2\repository\com\fasterxml\jackson\module\jackson-module-parameter-names\2.15.3\jackson-module-parameter-names-2.15.3.jar;C:\Users\usuario\.m2\repository\org\springframework\boot\spring-boot-starter-tomcat\3.1.5\spring-boot-starter-tomcat-3.1.5.jar;C:\Users\usuario\.m2\repository\org\apache\tomcat\embed\tomcat-embed-core\10.1.15\tomcat-embed-core-10.1.15.jar;C:\Users\usuario\.m2\repository\org\apache\tomcat\embed\tomcat-embed-el\10.1.15\tomcat-embed-el-10.1.15.jar;C:\Users\usuario\.m2\repository\org\apache\tomcat\embed\tomcat-embed-websocket\10.1.15\tomcat-embed-websocket-10.1.15.jar;C:\Users\usuario\.m2\repository\org\springframework\spring-web\6.0.13\spring-web-6.0.13.jar;C:\Users\usuario\.m2\repository\io\micrometer\micrometer-observation\1.11.5\micrometer-observation-1.11.5.jar;C:\Users\usuario\.m2\repository\io\micrometer\micrometer-commons\1.11.5\micrometer-commons-1.11.5.jar;C:\Users\usuario\.m2\repository\org\springframework\spring-webmvc\6.0.13\spring-webmvc-6.0.13.jar;C:\Users\usuario\.m2\repository\org\springframework\spring-expression\6.0.13\spring-expression-6.0.13.jar;C:\Users\usuario\.m2\repository\org\springframework\boot\spring-boot-devtools\3.1.5\spring-boot-devtools-3.1.5.jar;C:\Users\usuario\.m2\repository\org\springframework\boot\spring-boot\3.1.5\spring-boot-3.1.5.jar;C:\Users\usuario\.m2\repository\org\springframework\boot\spring-boot-autoconfigure\3.1.5\spring-boot-autoconfigure-3.1.5.jar;C:\Users\usuario\.m2\repository\org\springframework\boot\spring-boot-starter-hateoas\3.1.5\spring-boot-starter-hateoas-3.1.5.jar;C:\Users\usuario\.m2\repository\org\springframework\hateoas\spring-hateoas\2.1.2\spring-hateoas-2.1.2.jar;C:\Users\usuario\.m2\repository\org\springframework\plugin\spring-plugin-core\3.0.0\spring-plugin-core-3.0.0.jar;C:\Users\usuario\.m2\repository\org\springdoc\springdoc-openapi-starter-webmvc-ui\2.2.0\springdoc-openapi-starter-webmvc-ui-2.2.0.jar;C:\Users\usuario\.m2\repository\org\springdoc\springdoc-openapi-starter-webmvc-api\2.2.0\springdoc-openapi-starter-webmvc-api-2.2.0.jar;C:\Users\usuario\.m2\repository\org\springdoc\springdoc-openapi-starter-common\2.2.0\springdoc-openapi-starter-common-2.2.0.jar;C:\Users\usuario\.m2\repository\io\swagger\core\v3\swagger-core-jakarta\2.2.15\swagger-core-jakarta-2.2.15.jar;C:\Users\usuario\.m2\repository\org\apache\commons\commons-lang3\3.12.0\commons-lang3-3.12.0.jar;C:\Users\usuario\.m2\repository\io\swagger\core\v3\swagger-annotations-jakarta\2.2.15\swagger-annotations-jakarta-2.2.15.jar;C:\Users\usuario\.m2\repository\io\swagger\core\v3\swagger-models-jakarta\2.2.15\swagger-models-jakarta-2.2.15.jar;C:\Users\usuario\.m2\repository\jakarta\validation\jakarta.validation-api\3.0.2\jakarta.validation-api-3.0.2.jar;C:\Users\usuario\.m2\repository\com\fasterxml\jackson\dataformat\jackson-dataformat-yaml\2.15.3\jackson-dataformat-yaml-2.15.3.jar;C:\Users\usuario\.m2\repository\org\webjars\swagger-ui\5.2.0\swagger-ui-5.2.0.jar;C:\Users\usuario\.m2\repository\com\fasterxml\jackson\datatype\jackson-datatype-jsr310\2.15.3\jackson-datatype-jsr310-2.15.3.jar;C:\Users\usuario\.m2\repository\com\fasterxml\jackson\core\jackson-annotations\2.15.3\jackson-annotations-2.15.3.jar;C:\Users\usuario\.m2\repository\com\fasterxml\jackson\core\jackson-core\2.15.3\jackson-core-2.15.3.jar;C:\Users\usuario\.m2\repository\com\fasterxml\jackson\core\jackson-databind\2.15.3\jackson-databind-2.15.3.jar;C:\Users\usuario\.m2\repository\io\jsonwebtoken\jjwt-api\0.11.2\jjwt-api-0.11.2.jar;C:\Users\usuario\.m2\repository\io\jsonwebtoken\jjwt-impl\0.11.2\jjwt-impl-0.11.2.jar;C:\Users\usuario\.m2\repository\io\jsonwebtoken\jjwt-jackson\0.11.2\jjwt-jackson-0.11.2.jar;C:\Users\usuario\.m2\repository\org\springframework\boot\spring-boot-configuration-processor\3.1.5\spring-boot-configuration-processor-3.1.5.jar;C:\Users\usuario\.m2\repository\com\fasterxml\jackson\datatype\jackson-datatype-hibernate6\2.15.3\jackson-datatype-hibernate6-2.15.3.jar;C:\Users\usuario\.m2\repository\jakarta\transaction\jakarta.transaction-api\2.0.1\jakarta.transaction-api-2.0.1.jar;"/>
    <property name="java.vm.vendor" value="Oracle Corporation"/>
    <property name="sun.arch.data.model" value="64"/>
    <property name="user.variant" value=""/>
    <property name="java.vendor.url" value="https://java.oracle.com/"/>
    <property name="user.timezone" value="America/Bogota"/>
    <property name="org.jboss.logging.provider" value="slf4j"/>
    <property name="os.name" value="Windows 11"/>
    <property name="java.vm.specification.version" value="17"/>
    <property name="user.country" value="GB"/>
    <property name="sun.java.launcher" value="SUN_STANDARD"/>
    <property name="sun.boot.library.path" value="C:\Program Files\Java\jdk-17\bin"/>
    <property name="sun.java.command" value="C:\Users\usuario\AppData\Local\Temp\surefire15034229748542971494\surefirebooter-20231117151004313_3.jar C:\Users\usuario\AppData\Local\Temp\surefire15034229748542971494 2023-11-17T15-10-04_092-jvmRun1 surefire-20231117151004313_1tmp surefire_0-20231117151004313_2tmp"/>
    <property name="jdk.debug" value="release"/>
    <property name="surefire.test.class.path" value="D:\Proyectos\usermanagement\target\test-classes;D:\Proyectos\usermanagement\target\classes;C:\Users\usuario\.m2\repository\com\h2database\h2\2.1.214\h2-2.1.214.jar;C:\Users\usuario\.m2\repository\org\springframework\boot\spring-boot-starter-jdbc\3.1.5\spring-boot-starter-jdbc-3.1.5.jar;C:\Users\usuario\.m2\repository\org\springframework\boot\spring-boot-starter\3.1.5\spring-boot-starter-3.1.5.jar;C:\Users\usuario\.m2\repository\org\springframework\boot\spring-boot-starter-logging\3.1.5\spring-boot-starter-logging-3.1.5.jar;C:\Users\usuario\.m2\repository\ch\qos\logback\logback-classic\1.4.11\logback-classic-1.4.11.jar;C:\Users\usuario\.m2\repository\ch\qos\logback\logback-core\1.4.11\logback-core-1.4.11.jar;C:\Users\usuario\.m2\repository\org\apache\logging\log4j\log4j-to-slf4j\2.20.0\log4j-to-slf4j-2.20.0.jar;C:\Users\usuario\.m2\repository\org\apache\logging\log4j\log4j-api\2.20.0\log4j-api-2.20.0.jar;C:\Users\usuario\.m2\repository\org\slf4j\jul-to-slf4j\2.0.9\jul-to-slf4j-2.0.9.jar;C:\Users\usuario\.m2\repository\jakarta\annotation\jakarta.annotation-api\2.1.1\jakarta.annotation-api-2.1.1.jar;C:\Users\usuario\.m2\repository\org\yaml\snakeyaml\1.33\snakeyaml-1.33.jar;C:\Users\usuario\.m2\repository\com\zaxxer\HikariCP\5.0.1\HikariCP-5.0.1.jar;C:\Users\usuario\.m2\repository\org\slf4j\slf4j-api\2.0.9\slf4j-api-2.0.9.jar;C:\Users\usuario\.m2\repository\org\springframework\spring-jdbc\6.0.13\spring-jdbc-6.0.13.jar;C:\Users\usuario\.m2\repository\org\springframework\spring-beans\6.0.13\spring-beans-6.0.13.jar;C:\Users\usuario\.m2\repository\org\springframework\spring-tx\6.0.13\spring-tx-6.0.13.jar;C:\Users\usuario\.m2\repository\org\springframework\boot\spring-boot-starter-data-jpa\3.1.5\spring-boot-starter-data-jpa-3.1.5.jar;C:\Users\usuario\.m2\repository\org\springframework\boot\spring-boot-starter-aop\3.1.5\spring-boot-starter-aop-3.1.5.jar;C:\Users\usuario\.m2\repository\org\springframework\spring-aop\6.0.13\spring-aop-6.0.13.jar;C:\Users\usuario\.m2\repository\org\aspectj\aspectjweaver\1.9.20\aspectjweaver-1.9.20.jar;C:\Users\usuario\.m2\repository\org\hibernate\orm\hibernate-core\6.2.13.Final\hibernate-core-6.2.13.Final.jar;C:\Users\usuario\.m2\repository\jakarta\persistence\jakarta.persistence-api\3.1.0\jakarta.persistence-api-3.1.0.jar;C:\Users\usuario\.m2\repository\org\jboss\logging\jboss-logging\3.5.3.Final\jboss-logging-3.5.3.Final.jar;C:\Users\usuario\.m2\repository\org\hibernate\common\hibernate-commons-annotations\6.0.6.Final\hibernate-commons-annotations-6.0.6.Final.jar;C:\Users\usuario\.m2\repository\io\smallrye\jandex\3.0.5\jandex-3.0.5.jar;C:\Users\usuario\.m2\repository\com\fasterxml\classmate\1.5.1\classmate-1.5.1.jar;C:\Users\usuario\.m2\repository\net\bytebuddy\byte-buddy\1.14.9\byte-buddy-1.14.9.jar;C:\Users\usuario\.m2\repository\org\glassfish\jaxb\jaxb-runtime\4.0.3\jaxb-runtime-4.0.3.jar;C:\Users\usuario\.m2\repository\org\glassfish\jaxb\jaxb-core\4.0.3\jaxb-core-4.0.3.jar;C:\Users\usuario\.m2\repository\org\eclipse\angus\angus-activation\2.0.1\angus-activation-2.0.1.jar;C:\Users\usuario\.m2\repository\org\glassfish\jaxb\txw2\4.0.3\txw2-4.0.3.jar;C:\Users\usuario\.m2\repository\com\sun\istack\istack-commons-runtime\4.1.2\istack-commons-runtime-4.1.2.jar;C:\Users\usuario\.m2\repository\jakarta\inject\jakarta.inject-api\2.0.1\jakarta.inject-api-2.0.1.jar;C:\Users\usuario\.m2\repository\org\antlr\antlr4-runtime\4.10.1\antlr4-runtime-4.10.1.jar;C:\Users\usuario\.m2\repository\org\springframework\data\spring-data-jpa\3.1.5\spring-data-jpa-3.1.5.jar;C:\Users\usuario\.m2\repository\org\springframework\data\spring-data-commons\3.1.5\spring-data-commons-3.1.5.jar;C:\Users\usuario\.m2\repository\org\springframework\spring-orm\6.0.13\spring-orm-6.0.13.jar;C:\Users\usuario\.m2\repository\org\springframework\spring-context\6.0.13\spring-context-6.0.13.jar;C:\Users\usuario\.m2\repository\org\springframework\spring-aspects\6.0.13\spring-aspects-6.0.13.jar;C:\Users\usuario\.m2\repository\org\springframework\boot\spring-boot-starter-test\3.1.5\spring-boot-starter-test-3.1.5.jar;C:\Users\usuario\.m2\repository\org\springframework\boot\spring-boot-test\3.1.5\spring-boot-test-3.1.5.jar;C:\Users\usuario\.m2\repository\org\springframework\boot\spring-boot-test-autoconfigure\3.1.5\spring-boot-test-autoconfigure-3.1.5.jar;C:\Users\usuario\.m2\repository\com\jayway\jsonpath\json-path\2.8.0\json-path-2.8.0.jar;C:\Users\usuario\.m2\repository\jakarta\xml\bind\jakarta.xml.bind-api\4.0.1\jakarta.xml.bind-api-4.0.1.jar;C:\Users\usuario\.m2\repository\jakarta\activation\jakarta.activation-api\2.1.2\jakarta.activation-api-2.1.2.jar;C:\Users\usuario\.m2\repository\net\minidev\json-smart\2.4.11\json-smart-2.4.11.jar;C:\Users\usuario\.m2\repository\net\minidev\accessors-smart\2.4.11\accessors-smart-2.4.11.jar;C:\Users\usuario\.m2\repository\org\ow2\asm\asm\9.3\asm-9.3.jar;C:\Users\usuario\.m2\repository\org\assertj\assertj-core\3.24.2\assertj-core-3.24.2.jar;C:\Users\usuario\.m2\repository\org\hamcrest\hamcrest\2.2\hamcrest-2.2.jar;C:\Users\usuario\.m2\repository\org\junit\jupiter\junit-jupiter\5.9.3\junit-jupiter-5.9.3.jar;C:\Users\usuario\.m2\repository\org\junit\jupiter\junit-jupiter-api\5.9.3\junit-jupiter-api-5.9.3.jar;C:\Users\usuario\.m2\repository\org\opentest4j\opentest4j\1.2.0\opentest4j-1.2.0.jar;C:\Users\usuario\.m2\repository\org\junit\platform\junit-platform-commons\1.9.3\junit-platform-commons-1.9.3.jar;C:\Users\usuario\.m2\repository\org\apiguardian\apiguardian-api\1.1.2\apiguardian-api-1.1.2.jar;C:\Users\usuario\.m2\repository\org\junit\jupiter\junit-jupiter-params\5.9.3\junit-jupiter-params-5.9.3.jar;C:\Users\usuario\.m2\repository\org\junit\jupiter\junit-jupiter-engine\5.9.3\junit-jupiter-engine-5.9.3.jar;C:\Users\usuario\.m2\repository\org\junit\platform\junit-platform-engine\1.9.3\junit-platform-engine-1.9.3.jar;C:\Users\usuario\.m2\repository\org\mockito\mockito-core\5.3.1\mockito-core-5.3.1.jar;C:\Users\usuario\.m2\repository\net\bytebuddy\byte-buddy-agent\1.14.9\byte-buddy-agent-1.14.9.jar;C:\Users\usuario\.m2\repository\org\objenesis\objenesis\3.3\objenesis-3.3.jar;C:\Users\usuario\.m2\repository\org\mockito\mockito-junit-jupiter\5.3.1\mockito-junit-jupiter-5.3.1.jar;C:\Users\usuario\.m2\repository\org\skyscreamer\jsonassert\1.5.1\jsonassert-1.5.1.jar;C:\Users\usuario\.m2\repository\com\vaadin\external\google\android-json\0.0.20131108.vaadin1\android-json-0.0.20131108.vaadin1.jar;C:\Users\usuario\.m2\repository\org\springframework\spring-core\6.0.13\spring-core-6.0.13.jar;C:\Users\usuario\.m2\repository\org\springframework\spring-jcl\6.0.13\spring-jcl-6.0.13.jar;C:\Users\usuario\.m2\repository\org\springframework\spring-test\6.0.13\spring-test-6.0.13.jar;C:\Users\usuario\.m2\repository\org\xmlunit\xmlunit-core\2.9.1\xmlunit-core-2.9.1.jar;C:\Users\usuario\.m2\repository\junit\junit\4.13.2\junit-4.13.2.jar;C:\Users\usuario\.m2\repository\org\hamcrest\hamcrest-core\2.2\hamcrest-core-2.2.jar;C:\Users\usuario\.m2\repository\org\hamcrest\hamcrest-library\2.2\hamcrest-library-2.2.jar;C:\Users\usuario\.m2\repository\org\springframework\boot\spring-boot-starter-web\3.1.5\spring-boot-starter-web-3.1.5.jar;C:\Users\usuario\.m2\repository\org\springframework\boot\spring-boot-starter-json\3.1.5\spring-boot-starter-json-3.1.5.jar;C:\Users\usuario\.m2\repository\com\fasterxml\jackson\datatype\jackson-datatype-jdk8\2.15.3\jackson-datatype-jdk8-2.15.3.jar;C:\Users\usuario\.m2\repository\com\fasterxml\jackson\module\jackson-module-parameter-names\2.15.3\jackson-module-parameter-names-2.15.3.jar;C:\Users\usuario\.m2\repository\org\springframework\boot\spring-boot-starter-tomcat\3.1.5\spring-boot-starter-tomcat-3.1.5.jar;C:\Users\usuario\.m2\repository\org\apache\tomcat\embed\tomcat-embed-core\10.1.15\tomcat-embed-core-10.1.15.jar;C:\Users\usuario\.m2\repository\org\apache\tomcat\embed\tomcat-embed-el\10.1.15\tomcat-embed-el-10.1.15.jar;C:\Users\usuario\.m2\repository\org\apache\tomcat\embed\tomcat-embed-websocket\10.1.15\tomcat-embed-websocket-10.1.15.jar;C:\Users\usuario\.m2\repository\org\springframework\spring-web\6.0.13\spring-web-6.0.13.jar;C:\Users\usuario\.m2\repository\io\micrometer\micrometer-observation\1.11.5\micrometer-observation-1.11.5.jar;C:\Users\usuario\.m2\repository\io\micrometer\micrometer-commons\1.11.5\micrometer-commons-1.11.5.jar;C:\Users\usuario\.m2\repository\org\springframework\spring-webmvc\6.0.13\spring-webmvc-6.0.13.jar;C:\Users\usuario\.m2\repository\org\springframework\spring-expression\6.0.13\spring-expression-6.0.13.jar;C:\Users\usuario\.m2\repository\org\springframework\boot\spring-boot-devtools\3.1.5\spring-boot-devtools-3.1.5.jar;C:\Users\usuario\.m2\repository\org\springframework\boot\spring-boot\3.1.5\spring-boot-3.1.5.jar;C:\Users\usuario\.m2\repository\org\springframework\boot\spring-boot-autoconfigure\3.1.5\spring-boot-autoconfigure-3.1.5.jar;C:\Users\usuario\.m2\repository\org\springframework\boot\spring-boot-starter-hateoas\3.1.5\spring-boot-starter-hateoas-3.1.5.jar;C:\Users\usuario\.m2\repository\org\springframework\hateoas\spring-hateoas\2.1.2\spring-hateoas-2.1.2.jar;C:\Users\usuario\.m2\repository\org\springframework\plugin\spring-plugin-core\3.0.0\spring-plugin-core-3.0.0.jar;C:\Users\usuario\.m2\repository\org\springdoc\springdoc-openapi-starter-webmvc-ui\2.2.0\springdoc-openapi-starter-webmvc-ui-2.2.0.jar;C:\Users\usuario\.m2\repository\org\springdoc\springdoc-openapi-starter-webmvc-api\2.2.0\springdoc-openapi-starter-webmvc-api-2.2.0.jar;C:\Users\usuario\.m2\repository\org\springdoc\springdoc-openapi-starter-common\2.2.0\springdoc-openapi-starter-common-2.2.0.jar;C:\Users\usuario\.m2\repository\io\swagger\core\v3\swagger-core-jakarta\2.2.15\swagger-core-jakarta-2.2.15.jar;C:\Users\usuario\.m2\repository\org\apache\commons\commons-lang3\3.12.0\commons-lang3-3.12.0.jar;C:\Users\usuario\.m2\repository\io\swagger\core\v3\swagger-annotations-jakarta\2.2.15\swagger-annotations-jakarta-2.2.15.jar;C:\Users\usuario\.m2\repository\io\swagger\core\v3\swagger-models-jakarta\2.2.15\swagger-models-jakarta-2.2.15.jar;C:\Users\usuario\.m2\repository\jakarta\validation\jakarta.validation-api\3.0.2\jakarta.validation-api-3.0.2.jar;C:\Users\usuario\.m2\repository\com\fasterxml\jackson\dataformat\jackson-dataformat-yaml\2.15.3\jackson-dataformat-yaml-2.15.3.jar;C:\Users\usuario\.m2\repository\org\webjars\swagger-ui\5.2.0\swagger-ui-5.2.0.jar;C:\Users\usuario\.m2\repository\com\fasterxml\jackson\datatype\jackson-datatype-jsr310\2.15.3\jackson-datatype-jsr310-2.15.3.jar;C:\Users\usuario\.m2\repository\com\fasterxml\jackson\core\jackson-annotations\2.15.3\jackson-annotations-2.15.3.jar;C:\Users\usuario\.m2\repository\com\fasterxml\jackson\core\jackson-core\2.15.3\jackson-core-2.15.3.jar;C:\Users\usuario\.m2\repository\com\fasterxml\jackson\core\jackson-databind\2.15.3\jackson-databind-2.15.3.jar;C:\Users\usuario\.m2\repository\io\jsonwebtoken\jjwt-api\0.11.2\jjwt-api-0.11.2.jar;C:\Users\usuario\.m2\repository\io\jsonwebtoken\jjwt-impl\0.11.2\jjwt-impl-0.11.2.jar;C:\Users\usuario\.m2\repository\io\jsonwebtoken\jjwt-jackson\0.11.2\jjwt-jackson-0.11.2.jar;C:\Users\usuario\.m2\repository\org\springframework\boot\spring-boot-configuration-processor\3.1.5\spring-boot-configuration-processor-3.1.5.jar;C:\Users\usuario\.m2\repository\com\fasterxml\jackson\datatype\jackson-datatype-hibernate6\2.15.3\jackson-datatype-hibernate6-2.15.3.jar;C:\Users\usuario\.m2\repository\jakarta\transaction\jakarta.transaction-api\2.0.1\jakarta.transaction-api-2.0.1.jar;"/>
    <property name="sun.cpu.endian" value="little"/>
    <property name="user.home" value="C:\Users\usuario"/>
    <property name="user.language" value="en"/>
    <property name="java.specification.vendor" value="Oracle Corporation"/>
    <property name="java.version.date" value="2023-10-17"/>
    <property name="java.home" value="C:\Program Files\Java\jdk-17"/>
    <property name="file.separator" value="\"/>
    <property name="basedir" value="D:\Proyectos\usermanagement"/>
    <property name="java.vm.compressedOopsMode" value="Zero based"/>
    <property name="line.separator" value="&#10;"/>
    <property name="java.vm.specification.vendor" value="Oracle Corporation"/>
    <property name="java.specification.name" value="Java Platform API Specification"/>
    <property name="FILE_LOG_CHARSET" value="UTF-8"/>
    <property name="java.awt.headless" value="true"/>
    <property name="surefire.real.class.path" value="C:\Users\usuario\AppData\Local\Temp\surefire15034229748542971494\surefirebooter-20231117151004313_3.jar"/>
    <property name="user.script" value=""/>
    <property name="sun.management.compiler" value="HotSpot 64-Bit Tiered Compilers"/>
    <property name="java.runtime.version" value="17.0.9+11-LTS-201"/>
    <property name="user.name" value="usuario"/>
    <property name="path.separator" value=";"/>
    <property name="os.version" value="10.0"/>
    <property name="java.runtime.name" value="Java(TM) SE Runtime Environment"/>
    <property name="file.encoding" value="UTF-8"/>
    <property name="java.vm.name" value="Java HotSpot(TM) 64-Bit Server VM"/>
    <property name="LOG_FILE" value="usermanagement.log"/>
    <property name="localRepository" value="C:\Users\usuario\.m2\repository"/>
    <property name="java.vendor.url.bug" value="https://bugreport.java.com/bugreport/"/>
    <property name="java.io.tmpdir" value="C:\Users\usuario\AppData\Local\Temp\"/>
    <property name="com.zaxxer.hikari.pool_number" value="1"/>
    <property name="java.version" value="17.0.9"/>
    <property name="user.dir" value="D:\Proyectos\usermanagement"/>
    <property name="os.arch" value="amd64"/>
    <property name="java.vm.specification.name" value="Java Virtual Machine Specification"/>
    <property name="PID" value="9844"/>
    <property name="sun.os.patch.level" value=""/>
    <property name="CONSOLE_LOG_CHARSET" value="UTF-8"/>
    <property name="native.encoding" value="UTF-8"/>
    <property name="java.library.path" value="C:\Program Files\Java\jdk-17\bin;C:\WINDOWS\Sun\Java\bin;C:\WINDOWS\system32;C:\WINDOWS;C:\Program Files\Common Files\Oracle\Java\javapath;C:\Windows\system32;C:\Windows;C:\Windows\System32\Wbem;C:\Windows\System32\WindowsPowerShell\v1.0\;C:\Windows\System32\OpenSSH\;C:\Program Files (x86)\NVIDIA Corporation\PhysX\Common;C:\Program Files\NVIDIA Corporation\NVIDIA NvDLISR;C:\WINDOWS\system32;C:\WINDOWS;C:\WINDOWS\System32\Wbem;C:\WINDOWS\System32\WindowsPowerShell\v1.0\;C:\WINDOWS\System32\OpenSSH\;C:\maven\apache-maven-3.8.6\bin;C:\Program Files\Git\cmd;C:\Program Files\nodejs\;C:\Program Files\Docker\Docker\resources\bin;C:\Users\usuario\AppData\Local\Programs\Python\Python311\Scripts\;C:\Users\usuario\AppData\Local\Programs\Python\Python311\;C:\Users\usuario\AppData\Local\Microsoft\WindowsApps;;C:\Users\usuario\AppData\Local\Programs\Microsoft VS Code\bin;C:\Program Files\JetBrains\IntelliJ IDEA Community Edition 2022.1.3\bin;;C:\Users\usuario\AppData\Roaming\npm;."/>
    <property name="java.vm.info" value="mixed mode, sharing"/>
    <property name="java.vendor" value="Oracle Corporation"/>
    <property name="java.vm.version" value="17.0.9+11-LTS-201"/>
    <property name="sun.io.unicode.encoding" value="UnicodeLittle"/>
    <property name="java.class.version" value="61.0"/>
  </properties>
  <testcase name="testGetUsers" classname="com.jhoncontreras.usermanagement.rest.UserManagementRestControllerTests" time="0.446">
    <system-out><![CDATA[15:10:05.372 [main] INFO org.springframework.test.context.support.AnnotationConfigContextLoaderUtils -- Could not detect default configuration classes for test class [com.jhoncontreras.usermanagement.rest.UserManagementRestControllerTests]: UserManagementRestControllerTests does not declare any static, non-private, non-final, nested classes annotated with @Configuration.
15:10:05.520 [main] INFO org.springframework.boot.test.context.SpringBootTestContextBootstrapper -- Found @SpringBootConfiguration com.jhoncontreras.usermanagement.UserManagementApplication for test class com.jhoncontreras.usermanagement.rest.UserManagementRestControllerTests
15:10:05.769 [main] INFO org.springframework.boot.devtools.restart.RestartApplicationListener -- Restart disabled due to context in which it is running

  .   ____          _            __ _ _
 /\\ / ___'_ __ _ _(_)_ __  __ _ \ \ \ \
( ( )\___ | '_ | '_| | '_ \/ _` | \ \ \ \
 \\/  ___)| |_)| | | | | || (_| |  ) ) ) )
  '  |____| .__|_| |_|_| |_\__, | / / / /
 =========|_|==============|___/=/_/_/_/
 :: Spring Boot ::                (v3.1.5)

2023-11-17T15:10:06.127-05:00  INFO 9844 --- [           main] .j.u.r.UserManagementRestControllerTests : Starting UserManagementRestControllerTests using Java 17.0.9 with PID 9844 (started by usuario in D:\Proyectos\usermanagement)
2023-11-17T15:10:06.129-05:00  INFO 9844 --- [           main] .j.u.r.UserManagementRestControllerTests : No active profile set, falling back to 1 default profile: "default"
2023-11-17T15:10:06.160-05:00 TRACE 9844 --- [           main] o.s.w.c.s.GenericWebApplicationContext   : Refreshing org.springframework.web.context.support.GenericWebApplicationContext@467f77a5, started on Fri Nov 17 15:10:06 COT 2023
2023-11-17T15:10:07.296-05:00  INFO 9844 --- [           main] .s.d.r.c.RepositoryConfigurationDelegate : Bootstrapping Spring Data JPA repositories in DEFAULT mode.
2023-11-17T15:10:07.395-05:00  INFO 9844 --- [           main] .s.d.r.c.RepositoryConfigurationDelegate : Finished Spring Data repository scanning in 86 ms. Found 3 JPA repository interfaces.
2023-11-17T15:10:07.862-05:00 TRACE 9844 --- [           main] o.s.w.c.s.GenericWebApplicationContext   : No 'messageSource' bean, using [Empty MessageSource]
2023-11-17T15:10:07.863-05:00 TRACE 9844 --- [           main] o.s.w.c.s.GenericWebApplicationContext   : No 'applicationEventMulticaster' bean, using [SimpleApplicationEventMulticaster]
2023-11-17T15:10:08.033-05:00 DEBUG 9844 --- [           main] o.s.jdbc.datasource.DataSourceUtils      : Fetching JDBC Connection from DataSource
2023-11-17T15:10:08.034-05:00  INFO 9844 --- [           main] com.zaxxer.hikari.HikariDataSource       : HikariPool-1 - Starting...
2023-11-17T15:10:08.325-05:00  INFO 9844 --- [           main] com.zaxxer.hikari.pool.HikariPool        : HikariPool-1 - Added connection conn0: url=jdbc:h2:mem:8a023677-51bc-408d-a0cc-8589b86e363a user=SA
2023-11-17T15:10:08.328-05:00  INFO 9844 --- [           main] com.zaxxer.hikari.HikariDataSource       : HikariPool-1 - Start completed.
2023-11-17T15:10:08.358-05:00 DEBUG 9844 --- [           main] o.s.jdbc.datasource.DataSourceUtils      : Fetching JDBC Connection from DataSource
2023-11-17T15:10:08.360-05:00 DEBUG 9844 --- [           main] o.s.jdbc.datasource.init.ScriptUtils     : Executing SQL script from file [D:\Proyectos\usermanagement\target\classes\schema.sql]
2023-11-17T15:10:08.388-05:00 DEBUG 9844 --- [           main] o.s.jdbc.datasource.init.ScriptUtils     : 0 returned as update count for SQL: CREATE TABLE USERM ( id uuid DEFAULT random_uuid() PRIMARY KEY, uname VARCHAR(255) NOT NULL, email VARCHAR(255) NOT NULL, passw VARCHAR(500) NOT NULL, created_at timestamp not null default current_timestamp, updated_at timestamp null default current_timestamp, last_login timestamp null default current_timestamp, is_active boolean not null default true )
2023-11-17T15:10:08.410-05:00 DEBUG 9844 --- [           main] o.s.jdbc.datasource.init.ScriptUtils     : 0 returned as update count for SQL: CREATE TABLE PHONE ( id uuid DEFAULT random_uuid() PRIMARY KEY, pnumber VARCHAR(255), city_code VARCHAR(255), country_code VARCHAR(255), user_id UUID NULL, created_at timestamp not null default current_timestamp, updated_at timestamp null default current_timestamp, CONSTRAINT FK_USER_ID FOREIGN KEY (user_id) REFERENCES USERM(id) )
2023-11-17T15:10:08.412-05:00 DEBUG 9844 --- [           main] o.s.jdbc.datasource.init.ScriptUtils     : 0 returned as update count for SQL: CREATE TABLE CONFIGURATIONAPP ( id uuid DEFAULT random_uuid() PRIMARY KEY, name_parameter VARCHAR(255), value_parameter VARCHAR(255) )
2023-11-17T15:10:08.415-05:00 DEBUG 9844 --- [           main] o.s.jdbc.datasource.init.ScriptUtils     : Executed SQL script from file [D:\Proyectos\usermanagement\target\classes\schema.sql] in 51 ms.
2023-11-17T15:10:08.416-05:00 DEBUG 9844 --- [           main] o.s.jdbc.datasource.DataSourceUtils      : Fetching JDBC Connection from DataSource
2023-11-17T15:10:08.416-05:00 DEBUG 9844 --- [           main] o.s.jdbc.datasource.DataSourceUtils      : Fetching JDBC Connection from DataSource
2023-11-17T15:10:08.417-05:00 DEBUG 9844 --- [           main] o.s.jdbc.datasource.init.ScriptUtils     : Executing SQL script from file [D:\Proyectos\usermanagement\target\classes\data.sql]
2023-11-17T15:10:08.435-05:00 DEBUG 9844 --- [           main] o.s.jdbc.datasource.init.ScriptUtils     : 3 returned as update count for SQL: INSERT INTO USERM (id,uname, email, passw) VALUES ('123e4567-e89b-12d3-a456-426614174001','John Doe', 'john.doe@example.com', 'password123'), ('123e4567-e89b-12d3-a456-426614174002','Alice Smith', 'alice.smith@example.com', 'securepass'), ('123e4567-e89b-12d3-a456-426614174003','Bob Johnson', 'bob.johnson@example.com', 'mysecretpassword')
2023-11-17T15:10:08.442-05:00 DEBUG 9844 --- [           main] o.s.jdbc.datasource.init.ScriptUtils     : 6 returned as update count for SQL: INSERT INTO PHONE (pnumber, city_code, country_code, user_id) VALUES ('123-456-7890', 123.45, 1, '123e4567-e89b-12d3-a456-426614174001'), ('987-654-3210', 987.65, 2, '123e4567-e89b-12d3-a456-426614174002'), ('555-123-4567', 555.55, 3, '123e4567-e89b-12d3-a456-426614174003'), ('555-987-6543', 555.98, 1, '123e4567-e89b-12d3-a456-426614174001'), ('222-333-4444', 222.33, 2, '123e4567-e89b-12d3-a456-426614174002'), ('777-888-9999', 777.88, 3, '123e4567-e89b-12d3-a456-426614174003')
2023-11-17T15:10:08.444-05:00 DEBUG 9844 --- [           main] o.s.jdbc.datasource.init.ScriptUtils     : 1 returned as update count for SQL: INSERT INTO CONFIGURATIONAPP (name_parameter, value_parameter) VALUES ('REGEX_PASSWORD', '^(?=.*[A-Z])(?=.*[!@#$%^&*()-+_?])(?=.*\d).{12,}$')
2023-11-17T15:10:08.444-05:00 DEBUG 9844 --- [           main] o.s.jdbc.datasource.init.ScriptUtils     : Executed SQL script from file [D:\Proyectos\usermanagement\target\classes\data.sql] in 27 ms.
2023-11-17T15:10:08.574-05:00  INFO 9844 --- [           main] o.hibernate.jpa.internal.util.LogHelper  : HHH000204: Processing PersistenceUnitInfo [name: default]
2023-11-17T15:10:08.692-05:00  INFO 9844 --- [           main] org.hibernate.Version                    : HHH000412: Hibernate ORM core version 6.2.13.Final
2023-11-17T15:10:08.696-05:00  INFO 9844 --- [           main] org.hibernate.cfg.Environment            : HHH000406: Using bytecode reflection optimizer
2023-11-17T15:10:09.155-05:00  INFO 9844 --- [           main] o.s.o.j.p.SpringPersistenceUnitInfo      : No LoadTimeWeaver setup: ignoring JPA class transformer
2023-11-17T15:10:10.210-05:00  INFO 9844 --- [           main] o.h.e.t.j.p.i.JtaPlatformInitiator       : HHH000489: No JTA platform available (set 'hibernate.transaction.jta.platform' to enable JTA platform integration)
2023-11-17T15:10:10.256-05:00  INFO 9844 --- [           main] j.LocalContainerEntityManagerFactoryBean : Initialized JPA EntityManagerFactory for persistence unit 'default'
2023-11-17T15:10:10.589-05:00  INFO 9844 --- [           main] o.s.d.j.r.query.QueryEnhancerFactory     : Hibernate is in classpath; If applicable, HQL parser will be used.
2023-11-17T15:10:11.505-05:00  WARN 9844 --- [           main] JpaBaseConfiguration$JpaWebConfiguration : spring.jpa.open-in-view is enabled by default. Therefore, database queries may be performed during view rendering. Explicitly configure spring.jpa.open-in-view to disable this warning
2023-11-17T15:10:11.704-05:00 DEBUG 9844 --- [           main] s.w.s.m.m.a.RequestMappingHandlerAdapter : ControllerAdvice beans: 0 @ModelAttribute, 0 @InitBinder, 1 RequestBodyAdvice, 1 ResponseBodyAdvice
2023-11-17T15:10:11.816-05:00 TRACE 9844 --- [           main] s.w.s.m.m.a.RequestMappingHandlerMapping : 
	c.j.u.c.UserManagementRestController:
	{GET [/api/v1/user]}: getUsers()
	{GET [/api/v1/user/{id}]}: getUserById(UUID)
	{POST [/api/v1/user]}: createUser(User)
	{PUT [/api/v1/user/{id}]}: updateUser(UUID,User)
2023-11-17T15:10:11.823-05:00 TRACE 9844 --- [           main] s.w.s.m.m.a.RequestMappingHandlerMapping : 
	o.s.b.a.w.s.e.BasicErrorController:
	{ [/error]}: error(HttpServletRequest)
	{ [/error], produces [text/html]}: errorHtml(HttpServletRequest,HttpServletResponse)
2023-11-17T15:10:11.836-05:00 TRACE 9844 --- [           main] s.w.s.m.m.a.RequestMappingHandlerMapping : 
	o.s.w.a.OpenApiWebMvcResource:
	{GET [/api-docs.yaml], produces [application/vnd.oai.openapi]}: openapiYaml(HttpServletRequest,String,Locale)
	{GET [/api-docs], produces [application/json]}: openapiJson(HttpServletRequest,String,Locale)
2023-11-17T15:10:11.838-05:00 TRACE 9844 --- [           main] s.w.s.m.m.a.RequestMappingHandlerMapping : 
	o.s.w.u.SwaggerWelcomeWebMvc:
	{GET [/swagger-ui.html]}: redirectToUi(HttpServletRequest)
2023-11-17T15:10:11.839-05:00 TRACE 9844 --- [           main] s.w.s.m.m.a.RequestMappingHandlerMapping : 
	o.s.w.u.SwaggerConfigResource:
	{GET [/api-docs/swagger-config], produces [application/json]}: openapiJson(HttpServletRequest)
2023-11-17T15:10:11.843-05:00 DEBUG 9844 --- [           main] s.w.s.m.m.a.RequestMappingHandlerMapping : 10 mappings in 'requestMappingHandlerMapping'
2023-11-17T15:10:11.852-05:00 DEBUG 9844 --- [           main] o.s.w.s.h.BeanNameUrlHandlerMapping      : Detected 0 mappings in 'beanNameHandlerMapping'
2023-11-17T15:10:11.859-05:00 TRACE 9844 --- [           main] o.s.w.s.f.support.RouterFunctionMapping  : 0 RouterFunction(s) in 'routerFunctionMapping'
2023-11-17T15:10:11.876-05:00 TRACE 9844 --- [           main] o.s.w.s.handler.SimpleUrlHandlerMapping  : Mapped [/webjars/**] onto ResourceHttpRequestHandler [classpath [META-INF/resources/webjars/]]
2023-11-17T15:10:11.877-05:00 TRACE 9844 --- [           main] o.s.w.s.handler.SimpleUrlHandlerMapping  : Mapped [/**] onto ResourceHttpRequestHandler [classpath [META-INF/resources/], classpath [resources/], classpath [static/], classpath [public/], ServletContext [/]]
2023-11-17T15:10:11.878-05:00 TRACE 9844 --- [           main] o.s.w.s.handler.SimpleUrlHandlerMapping  : Mapped [/swagger-ui*/*swagger-initializer.js] onto ResourceHttpRequestHandler [classpath [META-INF/resources/webjars/]]
2023-11-17T15:10:11.878-05:00 TRACE 9844 --- [           main] o.s.w.s.handler.SimpleUrlHandlerMapping  : Mapped [/swagger-ui*/**] onto ResourceHttpRequestHandler [classpath [META-INF/resources/webjars/]]
2023-11-17T15:10:11.879-05:00 DEBUG 9844 --- [           main] o.s.w.s.handler.SimpleUrlHandlerMapping  : Patterns [/webjars/**, /**, /swagger-ui*/*swagger-initializer.js, /swagger-ui*/**] in 'resourceHandlerMapping'
2023-11-17T15:10:11.890-05:00 DEBUG 9844 --- [           main] .m.m.a.ExceptionHandlerExceptionResolver : ControllerAdvice beans: 1 @ExceptionHandler, 1 ResponseBodyAdvice
2023-11-17T15:10:12.210-05:00  INFO 9844 --- [           main] o.s.b.t.m.w.SpringBootMockServletContext : Initializing Spring TestDispatcherServlet ''
2023-11-17T15:10:12.211-05:00  INFO 9844 --- [           main] o.s.t.web.servlet.TestDispatcherServlet  : Initializing Servlet ''
2023-11-17T15:10:12.213-05:00  INFO 9844 --- [           main] o.s.t.web.servlet.TestDispatcherServlet  : Completed initialization in 2 ms
2023-11-17T15:10:12.229-05:00 TRACE 9844 --- [           main] o.s.w.c.s.GenericWebApplicationContext   : Using LifecycleProcessor [org.springframework.context.support.DefaultLifecycleProcessor@3868c92e]
2023-11-17T15:10:12.249-05:00  INFO 9844 --- [           main] .j.u.r.UserManagementRestControllerTests : Started UserManagementRestControllerTests in 6.5 seconds (process running for 7.754)
2023-11-17T15:10:13.036-05:00 TRACE 9844 --- [           main] s.w.s.m.m.a.RequestMappingHandlerMapping : Mapped to com.jhoncontreras.usermanagement.controller.UserManagementRestController#getUsers()
2023-11-17T15:10:13.051-05:00 TRACE 9844 --- [           main] o.s.web.method.HandlerMethod             : Arguments: []
2023-11-17T15:10:13.063-05:00 DEBUG 9844 --- [           main] o.s.jdbc.datasource.DataSourceUtils      : Setting JDBC Connection [HikariProxyConnection@339758050 wrapping conn0: url=jdbc:h2:mem:8a023677-51bc-408d-a0cc-8589b86e363a user=SA] read-only
Hibernate: 
    select
        u1_0.id,
        u1_0.created_at,
        u1_0.email,
        u1_0.is_active,
        u1_0.last_login,
        u1_0.uname,
        u1_0.passw,
        u1_0.updated_at 
    from
        userm u1_0
Hibernate: 
    select
        p1_0.user_id,
        p1_0.id,
        p1_0.city_code,
        p1_0.country_code,
        p1_0.created_at,
        p1_0.pnumber,
        p1_0.updated_at 
    from
        phone p1_0 
    where
        p1_0.user_id=?
Hibernate: 
    select
        p1_0.user_id,
        p1_0.id,
        p1_0.city_code,
        p1_0.country_code,
        p1_0.created_at,
        p1_0.pnumber,
        p1_0.updated_at 
    from
        phone p1_0 
    where
        p1_0.user_id=?
Hibernate: 
    select
        p1_0.user_id,
        p1_0.id,
        p1_0.city_code,
        p1_0.country_code,
        p1_0.created_at,
        p1_0.pnumber,
        p1_0.updated_at 
    from
        phone p1_0 
    where
        p1_0.user_id=?
2023-11-17T15:10:13.246-05:00 DEBUG 9844 --- [           main] o.s.jdbc.datasource.DataSourceUtils      : Resetting read-only flag of JDBC Connection [HikariProxyConnection@339758050 wrapping conn0: url=jdbc:h2:mem:8a023677-51bc-408d-a0cc-8589b86e363a user=SA]
2023-11-17T15:10:13.300-05:00 DEBUG 9844 --- [           main] o.s.w.s.m.m.a.HttpEntityMethodProcessor  : Using 'application/json', given [*/*] and supported [application/json, application/*+json]
2023-11-17T15:10:13.302-05:00 TRACE 9844 --- [           main] o.s.w.s.m.m.a.HttpEntityMethodProcessor  : Writing [com.jhoncontreras.usermanagement.controller.dto.BaseResponseDto@79753f20]
2023-11-17T15:10:13.331-05:00 TRACE 9844 --- [           main] s.w.s.m.m.a.RequestMappingHandlerAdapter : Applying default cacheSeconds=-1
]]></system-out>
  </testcase>
  <testcase name="testUpdateUser" classname="com.jhoncontreras.usermanagement.rest.UserManagementRestControllerTests" time="0.245">
    <system-out><![CDATA[2023-11-17T15:10:13.413-05:00 TRACE 9844 --- [           main] s.w.s.m.m.a.RequestMappingHandlerMapping : Mapped to com.jhoncontreras.usermanagement.controller.UserManagementRestController#updateUser(UUID, User)
2023-11-17T15:10:13.464-05:00 TRACE 9844 --- [           main] m.m.a.RequestResponseBodyMethodProcessor : Read "application/json;charset=UTF-8" to [User [id=123e4567-e89b-12d3-a456-426614174001, name=John Doe Modified, email=john.doe@example.com, phones=[Phone [id=null, number=12345566770, cityCode=COUpdated, countryCode=COUpdated, createdAt=null, updatedAt=null]], createdAt=null, updatedAt=null, lastLogin=null, isActive=false]]
2023-11-17T15:10:13.467-05:00 TRACE 9844 --- [           main] o.s.web.method.HandlerMethod             : Arguments: [123e4567-e89b-12d3-a456-426614174001, User [id=123e4567-e89b-12d3-a456-426614174001, name=John Doe Modified, email=john.doe@example.com, phones=[Phone [id=null, number=12345566770, cityCode=COUpdated, countryCode=COUpdated, createdAt=null, updatedAt=null]], createdAt=null, updatedAt=null, lastLogin=null, isActive=false]]
id:123e4567-e89b-12d3-a456-426614174001
Hibernate: 
    select
        u1_0.id,
        u1_0.created_at,
        u1_0.email,
        u1_0.is_active,
        u1_0.last_login,
        u1_0.uname,
        u1_0.passw,
        u1_0.updated_at 
    from
        userm u1_0 
    where
        u1_0.email=? 
        and u1_0.id<>?
Hibernate: 
    select
        c1_0.id,
        c1_0.name_parameter,
        c1_0.value_parameter 
    from
        configurationapp c1_0 
    where
        c1_0.name_parameter=?
Hibernate: 
    select
        u1_0.id,
        u1_0.created_at,
        u1_0.email,
        u1_0.is_active,
        u1_0.last_login,
        u1_0.uname,
        u1_0.passw,
        u1_0.updated_at 
    from
        userm u1_0 
    where
        u1_0.id=?
Hibernate: 
    select
        p1_0.user_id,
        p1_0.id,
        p1_0.city_code,
        p1_0.country_code,
        p1_0.created_at,
        p1_0.pnumber,
        p1_0.updated_at 
    from
        phone p1_0 
    where
        p1_0.user_id=?
Hibernate: 
    insert 
    into
        phone
        (city_code,country_code,created_at,pnumber,updated_at,user_id,id) 
    values
        (?,?,?,?,?,?,?)
Hibernate: 
    update
        userm 
    set
        email=?,
        is_active=?,
        last_login=?,
        uname=?,
        passw=?,
        updated_at=? 
    where
        id=?
2023-11-17T15:10:13.642-05:00 DEBUG 9844 --- [           main] o.s.w.s.m.m.a.HttpEntityMethodProcessor  : Using 'application/json', given [*/*] and supported [application/json, application/*+json]
2023-11-17T15:10:13.643-05:00 TRACE 9844 --- [           main] o.s.w.s.m.m.a.HttpEntityMethodProcessor  : Writing [com.jhoncontreras.usermanagement.controller.dto.BaseResponseDto@632d8166]
2023-11-17T15:10:13.645-05:00 TRACE 9844 --- [           main] s.w.s.m.m.a.RequestMappingHandlerAdapter : Applying default cacheSeconds=-1
]]></system-out>
  </testcase>
  <testcase name="testCreateUserFormatPassword" classname="com.jhoncontreras.usermanagement.rest.UserManagementRestControllerTests" time="0.023">
    <system-out><![CDATA[2023-11-17T15:10:13.659-05:00 TRACE 9844 --- [           main] s.w.s.m.m.a.RequestMappingHandlerMapping : Mapped to com.jhoncontreras.usermanagement.controller.UserManagementRestController#createUser(User)
2023-11-17T15:10:13.662-05:00 TRACE 9844 --- [           main] m.m.a.RequestResponseBodyMethodProcessor : Read "application/json;charset=UTF-8" to [User [id=null, name=John Doe, email=john.doe@example.com, phones=[Phone [id=null, number=1234556677, cityCode=CO, countryCode=CO, createdAt=null, updatedAt=null]], createdAt=null, updatedAt=null, lastLogin=null, isActive=false]]
2023-11-17T15:10:13.663-05:00 TRACE 9844 --- [           main] o.s.web.method.HandlerMethod             : Arguments: [User [id=null, name=John Doe, email=john.doe@example.com, phones=[Phone [id=null, number=1234556677, cityCode=CO, countryCode=CO, createdAt=null, updatedAt=null]], createdAt=null, updatedAt=null, lastLogin=null, isActive=false]]
Hibernate: 
    select
        u1_0.id,
        u1_0.created_at,
        u1_0.email,
        u1_0.is_active,
        u1_0.last_login,
        u1_0.uname,
        u1_0.passw,
        u1_0.updated_at 
    from
        userm u1_0 
    where
        u1_0.email=?
Hibernate: 
    select
        p1_0.user_id,
        p1_0.id,
        p1_0.city_code,
        p1_0.country_code,
        p1_0.created_at,
        p1_0.pnumber,
        p1_0.updated_at 
    from
        phone p1_0 
    where
        p1_0.user_id=?
2023-11-17T15:10:13.673-05:00 DEBUG 9844 --- [           main] o.s.w.s.m.m.a.HttpEntityMethodProcessor  : Using 'application/json', given [*/*] and supported [application/json, application/*+json]
2023-11-17T15:10:13.674-05:00 TRACE 9844 --- [           main] o.s.w.s.m.m.a.HttpEntityMethodProcessor  : Writing [com.jhoncontreras.usermanagement.controller.dto.BaseResponseDto@1377e395]
2023-11-17T15:10:13.674-05:00 TRACE 9844 --- [           main] s.w.s.m.m.a.RequestMappingHandlerAdapter : Applying default cacheSeconds=-1
]]></system-out>
  </testcase>
  <testcase name="testCreateUserExistingEmail" classname="com.jhoncontreras.usermanagement.rest.UserManagementRestControllerTests" time="0.02">
    <system-out><![CDATA[2023-11-17T15:10:13.688-05:00 TRACE 9844 --- [           main] s.w.s.m.m.a.RequestMappingHandlerMapping : Mapped to com.jhoncontreras.usermanagement.controller.UserManagementRestController#createUser(User)
2023-11-17T15:10:13.690-05:00 TRACE 9844 --- [           main] m.m.a.RequestResponseBodyMethodProcessor : Read "application/json;charset=UTF-8" to [User [id=null, name=John Doe, email=john.doe@example.com, phones=[Phone [id=null, number=1234556677, cityCode=CO, countryCode=CO, createdAt=null, updatedAt=null]], createdAt=null, updatedAt=null, lastLogin=null, isActive=false]]
2023-11-17T15:10:13.690-05:00 TRACE 9844 --- [           main] o.s.web.method.HandlerMethod             : Arguments: [User [id=null, name=John Doe, email=john.doe@example.com, phones=[Phone [id=null, number=1234556677, cityCode=CO, countryCode=CO, createdAt=null, updatedAt=null]], createdAt=null, updatedAt=null, lastLogin=null, isActive=false]]
Hibernate: 
    select
        u1_0.id,
        u1_0.created_at,
        u1_0.email,
        u1_0.is_active,
        u1_0.last_login,
        u1_0.uname,
        u1_0.passw,
        u1_0.updated_at 
    from
        userm u1_0 
    where
        u1_0.email=?
Hibernate: 
    select
        p1_0.user_id,
        p1_0.id,
        p1_0.city_code,
        p1_0.country_code,
        p1_0.created_at,
        p1_0.pnumber,
        p1_0.updated_at 
    from
        phone p1_0 
    where
        p1_0.user_id=?
2023-11-17T15:10:13.699-05:00 DEBUG 9844 --- [           main] o.s.w.s.m.m.a.HttpEntityMethodProcessor  : Using 'application/json', given [*/*] and supported [application/json, application/*+json]
2023-11-17T15:10:13.699-05:00 TRACE 9844 --- [           main] o.s.w.s.m.m.a.HttpEntityMethodProcessor  : Writing [com.jhoncontreras.usermanagement.controller.dto.BaseResponseDto@3c79071e]
2023-11-17T15:10:13.700-05:00 TRACE 9844 --- [           main] s.w.s.m.m.a.RequestMappingHandlerAdapter : Applying default cacheSeconds=-1
]]></system-out>
  </testcase>
  <testcase name="testCreateUser" classname="com.jhoncontreras.usermanagement.rest.UserManagementRestControllerTests" time="0.036">
    <system-out><![CDATA[2023-11-17T15:10:13.713-05:00 TRACE 9844 --- [           main] s.w.s.m.m.a.RequestMappingHandlerMapping : Mapped to com.jhoncontreras.usermanagement.controller.UserManagementRestController#createUser(User)
2023-11-17T15:10:13.714-05:00 TRACE 9844 --- [           main] m.m.a.RequestResponseBodyMethodProcessor : Read "application/json;charset=UTF-8" to [User [id=null, name=Jhon Contreras, email=jhon@contreras.com, phones=[Phone [id=null, number=1234556677, cityCode=CO, countryCode=CO, createdAt=null, updatedAt=null]], createdAt=null, updatedAt=null, lastLogin=null, isActive=false]]
2023-11-17T15:10:13.715-05:00 TRACE 9844 --- [           main] o.s.web.method.HandlerMethod             : Arguments: [User [id=null, name=Jhon Contreras, email=jhon@contreras.com, phones=[Phone [id=null, number=1234556677, cityCode=CO, countryCode=CO, createdAt=null, updatedAt=null]], createdAt=null, updatedAt=null, lastLogin=null, isActive=false]]
Hibernate: 
    select
        u1_0.id,
        u1_0.created_at,
        u1_0.email,
        u1_0.is_active,
        u1_0.last_login,
        u1_0.uname,
        u1_0.passw,
        u1_0.updated_at 
    from
        userm u1_0 
    where
        u1_0.email=?
Hibernate: 
    select
        c1_0.id,
        c1_0.name_parameter,
        c1_0.value_parameter 
    from
        configurationapp c1_0 
    where
        c1_0.name_parameter=?
Hibernate: 
    insert 
    into
        userm
        (created_at,email,is_active,last_login,uname,passw,updated_at,id) 
    values
        (?,?,?,?,?,?,?,?)
Hibernate: 
    insert 
    into
        phone
        (city_code,country_code,created_at,pnumber,updated_at,user_id,id) 
    values
        (?,?,?,?,?,?,?)
2023-11-17T15:10:13.737-05:00 DEBUG 9844 --- [           main] o.s.w.s.m.m.a.HttpEntityMethodProcessor  : Using 'application/json', given [*/*] and supported [application/json, application/*+json]
2023-11-17T15:10:13.738-05:00 TRACE 9844 --- [           main] o.s.w.s.m.m.a.HttpEntityMethodProcessor  : Writing [com.jhoncontreras.usermanagement.controller.dto.BaseResponseDto@65ff1e6d]
2023-11-17T15:10:13.738-05:00 TRACE 9844 --- [           main] s.w.s.m.m.a.RequestMappingHandlerAdapter : Applying default cacheSeconds=-1
]]></system-out>
  </testcase>
  <testcase name="testUpdateUserNoFormatPassword" classname="com.jhoncontreras.usermanagement.rest.UserManagementRestControllerTests" time="0.018">
    <system-out><![CDATA[2023-11-17T15:10:13.753-05:00 TRACE 9844 --- [           main] s.w.s.m.m.a.RequestMappingHandlerMapping : Mapped to com.jhoncontreras.usermanagement.controller.UserManagementRestController#updateUser(UUID, User)
2023-11-17T15:10:13.755-05:00 TRACE 9844 --- [           main] m.m.a.RequestResponseBodyMethodProcessor : Read "application/json;charset=UTF-8" to [User [id=123e4567-e89b-12d3-a456-426614174001, name=John Doe Modified, email=alice.smith@example.com, phones=[Phone [id=null, number=1234556677Updated, cityCode=COUpdated, countryCode=COUpdated, createdAt=null, updatedAt=null]], createdAt=null, updatedAt=null, lastLogin=null, isActive=false]]
2023-11-17T15:10:13.755-05:00 TRACE 9844 --- [           main] o.s.web.method.HandlerMethod             : Arguments: [123e4567-e89b-12d3-a456-426614174001, User [id=123e4567-e89b-12d3-a456-426614174001, name=John Doe Modified, email=alice.smith@example.com, phones=[Phone [id=null, number=1234556677Updated, cityCode=COUpdated, countryCode=COUpdated, createdAt=null, updatedAt=null]], createdAt=null, updatedAt=null, lastLogin=null, isActive=false]]
id:123e4567-e89b-12d3-a456-426614174001
Hibernate: 
    select
        u1_0.id,
        u1_0.created_at,
        u1_0.email,
        u1_0.is_active,
        u1_0.last_login,
        u1_0.uname,
        u1_0.passw,
        u1_0.updated_at 
    from
        userm u1_0 
    where
        u1_0.email=? 
        and u1_0.id<>?
Hibernate: 
    select
        p1_0.user_id,
        p1_0.id,
        p1_0.city_code,
        p1_0.country_code,
        p1_0.created_at,
        p1_0.pnumber,
        p1_0.updated_at 
    from
        phone p1_0 
    where
        p1_0.user_id=?
2023-11-17T15:10:13.762-05:00 DEBUG 9844 --- [           main] o.s.w.s.m.m.a.HttpEntityMethodProcessor  : Using 'application/json', given [*/*] and supported [application/json, application/*+json]
2023-11-17T15:10:13.763-05:00 TRACE 9844 --- [           main] o.s.w.s.m.m.a.HttpEntityMethodProcessor  : Writing [com.jhoncontreras.usermanagement.controller.dto.BaseResponseDto@7473cf13]
2023-11-17T15:10:13.764-05:00 TRACE 9844 --- [           main] s.w.s.m.m.a.RequestMappingHandlerAdapter : Applying default cacheSeconds=-1
]]></system-out>
  </testcase>
  <testcase name="testWrongRequest" classname="com.jhoncontreras.usermanagement.rest.UserManagementRestControllerTests" time="0.011">
    <system-out><![CDATA[2023-11-17T15:10:13.775-05:00 TRACE 9844 --- [           main] s.w.s.m.m.a.RequestMappingHandlerMapping : Mapped to com.jhoncontreras.usermanagement.controller.UserManagementRestController#createUser(User)
2023-11-17T15:10:13.780-05:00  WARN 9844 --- [           main] .w.s.m.s.DefaultHandlerExceptionResolver : Resolved [org.springframework.http.converter.HttpMessageNotReadableException: Required request body is missing: public org.springframework.http.ResponseEntity<com.jhoncontreras.usermanagement.controller.dto.BaseResponseDto<com.jhoncontreras.usermanagement.controller.dto.UserJwtTokenDto>> com.jhoncontreras.usermanagement.controller.UserManagementRestController.createUser(com.jhoncontreras.usermanagement.model.User)]
]]></system-out>
  </testcase>
  <testcase name="testUpdateUserExistingEmail" classname="com.jhoncontreras.usermanagement.rest.UserManagementRestControllerTests" time="0.02">
    <system-out><![CDATA[2023-11-17T15:10:13.791-05:00 TRACE 9844 --- [           main] s.w.s.m.m.a.RequestMappingHandlerMapping : Mapped to com.jhoncontreras.usermanagement.controller.UserManagementRestController#updateUser(UUID, User)
2023-11-17T15:10:13.793-05:00 TRACE 9844 --- [           main] m.m.a.RequestResponseBodyMethodProcessor : Read "application/json;charset=UTF-8" to [User [id=123e4567-e89b-12d3-a456-426614174001, name=John Doe Modified, email=alice.smith@example.com, phones=[Phone [id=null, number=1234556677Updated, cityCode=COUpdated, countryCode=COUpdated, createdAt=null, updatedAt=null]], createdAt=null, updatedAt=null, lastLogin=null, isActive=false]]
2023-11-17T15:10:13.793-05:00 TRACE 9844 --- [           main] o.s.web.method.HandlerMethod             : Arguments: [123e4567-e89b-12d3-a456-426614174001, User [id=123e4567-e89b-12d3-a456-426614174001, name=John Doe Modified, email=alice.smith@example.com, phones=[Phone [id=null, number=1234556677Updated, cityCode=COUpdated, countryCode=COUpdated, createdAt=null, updatedAt=null]], createdAt=null, updatedAt=null, lastLogin=null, isActive=false]]
id:123e4567-e89b-12d3-a456-426614174001
Hibernate: 
    select
        u1_0.id,
        u1_0.created_at,
        u1_0.email,
        u1_0.is_active,
        u1_0.last_login,
        u1_0.uname,
        u1_0.passw,
        u1_0.updated_at 
    from
        userm u1_0 
    where
        u1_0.email=? 
        and u1_0.id<>?
Hibernate: 
    select
        p1_0.user_id,
        p1_0.id,
        p1_0.city_code,
        p1_0.country_code,
        p1_0.created_at,
        p1_0.pnumber,
        p1_0.updated_at 
    from
        phone p1_0 
    where
        p1_0.user_id=?
2023-11-17T15:10:13.801-05:00 DEBUG 9844 --- [           main] o.s.w.s.m.m.a.HttpEntityMethodProcessor  : Using 'application/json', given [*/*] and supported [application/json, application/*+json]
2023-11-17T15:10:13.801-05:00 TRACE 9844 --- [           main] o.s.w.s.m.m.a.HttpEntityMethodProcessor  : Writing [com.jhoncontreras.usermanagement.controller.dto.BaseResponseDto@43ee4942]
2023-11-17T15:10:13.802-05:00 TRACE 9844 --- [           main] s.w.s.m.m.a.RequestMappingHandlerAdapter : Applying default cacheSeconds=-1
]]></system-out>
  </testcase>
</testsuite>